<?xml version="1.0" encoding="UTF-8"?>
<!-- Generated by org.testng.reporters.JUnitReportReporter -->
<testsuite hostname="IBS-LAP-007" name="test" tests="1" failures="0" timestamp="30 Jun 2017 11:16:56 GMT" time="0.003" errors="1">
  <testcase name="test_site" time="0.003" classname="test">
    <error type="org.openqa.selenium.WebDriverException" message="Unable to connect to host 127.0.0.1 on port 7055 after 45000 ms. Firefox console output:
p-global&quot;,&quot;version&quot;:&quot;47.0.1&quot;,&quot;type&quot;:&quot;theme&quot;,&quot;internalName&quot;:&quot;classic/1.0&quot;,&quot;updateURL&quot;:null,&quot;updateKey&quot;:null,&quot;optionsURL&quot;:null,&quot;optionsType&quot;:null,&quot;aboutURL&quot;:null,&quot;icons&quot;:{&quot;32&quot;:&quot;icon.png&quot;,&quot;48&quot;:&quot;icon.png&quot;},&quot;iconURL&quot;:null,&quot;icon64URL&quot;:null,&quot;defaultLocale&quot;:{&quot;name&quot;:&quot;Default&quot;,&quot;description&quot;:&quot;The default theme.&quot;,&quot;creator&quot;:&quot;Mozilla&quot;,&quot;homepageURL&quot;:null,&quot;contributors&quot;:[&quot;Mozilla Contributors&quot;]},&quot;visible&quot;:true,&quot;active&quot;:true,&quot;userDisabled&quot;:false,&quot;appDisabled&quot;:false,&quot;descriptor&quot;:&quot;C:\\Program Files (x86)\\Mozilla Firefox\\firefox47\\browser\\extensions\\{972ce4c6-7e08-4474-a285-3208198ce6fd}.xpi&quot;,&quot;installDate&quot;:1466734942000,&quot;updateDate&quot;:1466734942000,&quot;applyBackgroundUpdates&quot;:1,&quot;skinnable&quot;:true,&quot;size&quot;:22012,&quot;sourceURI&quot;:null,&quot;releaseNotesURI&quot;:null,&quot;softDisabled&quot;:false,&quot;foreignInstall&quot;:false,&quot;hasBinaryComponents&quot;:false,&quot;strictCompatibility&quot;:true,&quot;locales&quot;:[],&quot;targetApplications&quot;:[{&quot;id&quot;:&quot;{ec8030f7-c20a-464f-9b0e-13a3a9e97384}&quot;,&quot;minVersion&quot;:&quot;47.0.1&quot;,&quot;maxVersion&quot;:&quot;47.0.1&quot;}],&quot;targetPlatforms&quot;:[],&quot;seen&quot;:true}
1498821372440	addons.xpi	DEBUG	getModTime: Recursive scan of {972ce4c6-7e08-4474-a285-3208198ce6fd}
1498821372441	DeferredSave.extensions.json	DEBUG	Save changes
1498821372441	addons.xpi	DEBUG	Updating database with changes to installed add-ons
1498821372441	addons.xpi-utils	DEBUG	Updating add-on states
1498821372441	addons.xpi-utils	DEBUG	Writing add-ons list
1498821372443	addons.xpi	DEBUG	Registering manifest for C:\Program Files (x86)\Mozilla Firefox\firefox47\browser\features\e10srollout@mozilla.org.xpi
1498821372443	addons.xpi	DEBUG	Calling bootstrap method startup on e10srollout@mozilla.org version 1.0
1498821372443	addons.xpi	DEBUG	Registering manifest for C:\Program Files (x86)\Mozilla Firefox\firefox47\browser\features\firefox@getpocket.com.xpi
1498821372444	addons.xpi	DEBUG	Calling bootstrap method startup on firefox@getpocket.com version 1.0.2
1498821372444	addons.xpi	DEBUG	Registering manifest for C:\Program Files (x86)\Mozilla Firefox\firefox47\browser\features\loop@mozilla.org.xpi
1498821372445	addons.xpi	DEBUG	Calling bootstrap method startup on loop@mozilla.org version 1.3.2
1498821372459	addons.manager	DEBUG	Registering shutdown blocker for XPIProvider
1498821372460	addons.manager	DEBUG	Provider finished startup: XPIProvider
1498821372460	addons.manager	DEBUG	Starting provider: LightweightThemeManager
1498821372460	addons.manager	DEBUG	Registering shutdown blocker for LightweightThemeManager
1498821372460	addons.manager	DEBUG	Provider finished startup: LightweightThemeManager
1498821372460	addons.manager	DEBUG	Starting provider: GMPProvider
1498821372465	addons.manager	DEBUG	Registering shutdown blocker for GMPProvider
1498821372465	addons.manager	DEBUG	Provider finished startup: GMPProvider
1498821372465	addons.manager	DEBUG	Starting provider: PluginProvider
1498821372465	addons.manager	DEBUG	Registering shutdown blocker for PluginProvider
1498821372466	addons.manager	DEBUG	Provider finished startup: PluginProvider
1498821372466	addons.manager	DEBUG	Completed startup sequence
1498821373181	addons.manager	DEBUG	Starting provider: &lt;unnamed-provider&gt;
1498821373181	addons.manager	DEBUG	Registering shutdown blocker for &lt;unnamed-provider&gt;
1498821373181	addons.manager	DEBUG	Provider finished startup: &lt;unnamed-provider&gt;
1498821373182	DeferredSave.extensions.json	DEBUG	Starting write
1498821373356	addons.repository	DEBUG	No addons.json found.
1498821373356	DeferredSave.addons.json	DEBUG	Save changes
1498821373359	DeferredSave.addons.json	DEBUG	Starting timer
1498821373376	addons.manager	DEBUG	Starting provider: PreviousExperimentProvider
1498821373376	addons.manager	DEBUG	Registering shutdown blocker for PreviousExperimentProvider
1498821373376	addons.manager	DEBUG	Provider finished startup: PreviousExperimentProvider
1498821373378	DeferredSave.extensions.json	DEBUG	Write succeeded
1498821373379	addons.xpi-utils	DEBUG	XPI Database saved, setting schema version preference to 17
1498821373411	DeferredSave.addons.json	DEBUG	Starting write
1498821373417	DeferredSave.addons.json	DEBUG	Write succeeded

Command duration or timeout: 55.57 seconds
Build info: version: &#039;2.53.0&#039;, revision: &#039;35ae25b&#039;, time: &#039;2016-03-15 17:00:58&#039;
System info: host: &#039;IBS-LAP-007&#039;, ip: &#039;169.254.154.189&#039;, os.name: &#039;Windows 8.1&#039;, os.arch: &#039;amd64&#039;, os.version: &#039;6.3&#039;, java.version: &#039;1.8.0_111&#039;
Driver info: org.openqa.selenium.remote.RemoteWebDriver">
      <![CDATA[org.openqa.selenium.WebDriverException: Unable to connect to host 127.0.0.1 on port 7055 after 45000 ms. Firefox console output:
p-global","version":"47.0.1","type":"theme","internalName":"classic/1.0","updateURL":null,"updateKey":null,"optionsURL":null,"optionsType":null,"aboutURL":null,"icons":{"32":"icon.png","48":"icon.png"},"iconURL":null,"icon64URL":null,"defaultLocale":{"name":"Default","description":"The default theme.","creator":"Mozilla","homepageURL":null,"contributors":["Mozilla Contributors"]},"visible":true,"active":true,"userDisabled":false,"appDisabled":false,"descriptor":"C:\\Program Files (x86)\\Mozilla Firefox\\firefox47\\browser\\extensions\\{972ce4c6-7e08-4474-a285-3208198ce6fd}.xpi","installDate":1466734942000,"updateDate":1466734942000,"applyBackgroundUpdates":1,"skinnable":true,"size":22012,"sourceURI":null,"releaseNotesURI":null,"softDisabled":false,"foreignInstall":false,"hasBinaryComponents":false,"strictCompatibility":true,"locales":[],"targetApplications":[{"id":"{ec8030f7-c20a-464f-9b0e-13a3a9e97384}","minVersion":"47.0.1","maxVersion":"47.0.1"}],"targetPlatforms":[],"seen":true}
1498821372440	addons.xpi	DEBUG	getModTime: Recursive scan of {972ce4c6-7e08-4474-a285-3208198ce6fd}
1498821372441	DeferredSave.extensions.json	DEBUG	Save changes
1498821372441	addons.xpi	DEBUG	Updating database with changes to installed add-ons
1498821372441	addons.xpi-utils	DEBUG	Updating add-on states
1498821372441	addons.xpi-utils	DEBUG	Writing add-ons list
1498821372443	addons.xpi	DEBUG	Registering manifest for C:\Program Files (x86)\Mozilla Firefox\firefox47\browser\features\e10srollout@mozilla.org.xpi
1498821372443	addons.xpi	DEBUG	Calling bootstrap method startup on e10srollout@mozilla.org version 1.0
1498821372443	addons.xpi	DEBUG	Registering manifest for C:\Program Files (x86)\Mozilla Firefox\firefox47\browser\features\firefox@getpocket.com.xpi
1498821372444	addons.xpi	DEBUG	Calling bootstrap method startup on firefox@getpocket.com version 1.0.2
1498821372444	addons.xpi	DEBUG	Registering manifest for C:\Program Files (x86)\Mozilla Firefox\firefox47\browser\features\loop@mozilla.org.xpi
1498821372445	addons.xpi	DEBUG	Calling bootstrap method startup on loop@mozilla.org version 1.3.2
1498821372459	addons.manager	DEBUG	Registering shutdown blocker for XPIProvider
1498821372460	addons.manager	DEBUG	Provider finished startup: XPIProvider
1498821372460	addons.manager	DEBUG	Starting provider: LightweightThemeManager
1498821372460	addons.manager	DEBUG	Registering shutdown blocker for LightweightThemeManager
1498821372460	addons.manager	DEBUG	Provider finished startup: LightweightThemeManager
1498821372460	addons.manager	DEBUG	Starting provider: GMPProvider
1498821372465	addons.manager	DEBUG	Registering shutdown blocker for GMPProvider
1498821372465	addons.manager	DEBUG	Provider finished startup: GMPProvider
1498821372465	addons.manager	DEBUG	Starting provider: PluginProvider
1498821372465	addons.manager	DEBUG	Registering shutdown blocker for PluginProvider
1498821372466	addons.manager	DEBUG	Provider finished startup: PluginProvider
1498821372466	addons.manager	DEBUG	Completed startup sequence
1498821373181	addons.manager	DEBUG	Starting provider: <unnamed-provider>
1498821373181	addons.manager	DEBUG	Registering shutdown blocker for <unnamed-provider>
1498821373181	addons.manager	DEBUG	Provider finished startup: <unnamed-provider>
1498821373182	DeferredSave.extensions.json	DEBUG	Starting write
1498821373356	addons.repository	DEBUG	No addons.json found.
1498821373356	DeferredSave.addons.json	DEBUG	Save changes
1498821373359	DeferredSave.addons.json	DEBUG	Starting timer
1498821373376	addons.manager	DEBUG	Starting provider: PreviousExperimentProvider
1498821373376	addons.manager	DEBUG	Registering shutdown blocker for PreviousExperimentProvider
1498821373376	addons.manager	DEBUG	Provider finished startup: PreviousExperimentProvider
1498821373378	DeferredSave.extensions.json	DEBUG	Write succeeded
1498821373379	addons.xpi-utils	DEBUG	XPI Database saved, setting schema version preference to 17
1498821373411	DeferredSave.addons.json	DEBUG	Starting write
1498821373417	DeferredSave.addons.json	DEBUG	Write succeeded

Command duration or timeout: 55.57 seconds
Build info: version: '2.53.0', revision: '35ae25b', time: '2016-03-15 17:00:58'
System info: host: 'IBS-LAP-007', ip: '169.254.154.189', os.name: 'Windows 8.1', os.arch: 'amd64', os.version: '6.3', java.version: '1.8.0_111'
Driver info: org.openqa.selenium.remote.RemoteWebDriver
	at sun.reflect.NativeConstructorAccessorImpl.newInstance0(Native Method)
	at sun.reflect.NativeConstructorAccessorImpl.newInstance(Unknown Source)
	at sun.reflect.DelegatingConstructorAccessorImpl.newInstance(Unknown Source)
	at java.lang.reflect.Constructor.newInstance(Unknown Source)
	at org.openqa.selenium.remote.ErrorHandler.createThrowable(ErrorHandler.java:206)
	at org.openqa.selenium.remote.ErrorHandler.throwIfResponseFailed(ErrorHandler.java:158)
	at org.openqa.selenium.remote.RemoteWebDriver.execute(RemoteWebDriver.java:678)
	at org.openqa.selenium.remote.RemoteWebDriver.startSession(RemoteWebDriver.java:249)
	at org.openqa.selenium.remote.RemoteWebDriver.<init>(RemoteWebDriver.java:131)
	at org.openqa.selenium.remote.RemoteWebDriver.<init>(RemoteWebDriver.java:158)
	at test.beforeMethod(test.java:83)
	at sun.reflect.NativeMethodAccessorImpl.invoke0(Native Method)
	at sun.reflect.NativeMethodAccessorImpl.invoke(Unknown Source)
	at sun.reflect.DelegatingMethodAccessorImpl.invoke(Unknown Source)
	at java.lang.reflect.Method.invoke(Unknown Source)
	at org.testng.internal.MethodInvocationHelper.invokeMethod(MethodInvocationHelper.java:86)
	at org.testng.internal.Invoker.invokeConfigurationMethod(Invoker.java:514)
	at org.testng.internal.Invoker.invokeConfigurations(Invoker.java:215)
	at org.testng.internal.Invoker.invokeMethod(Invoker.java:589)
	at org.testng.internal.Invoker.invokeTestMethod(Invoker.java:822)
	at org.testng.internal.Invoker.invokeTestMethods(Invoker.java:1130)
	at org.testng.internal.TestMethodWorker.invokeTestMethods(TestMethodWorker.java:129)
	at org.testng.internal.TestMethodWorker.run(TestMethodWorker.java:112)
	at org.testng.TestRunner.privateRun(TestRunner.java:782)
	at org.testng.TestRunner.run(TestRunner.java:632)
	at org.testng.SuiteRunner.runTest(SuiteRunner.java:366)
	at org.testng.SuiteRunner.runSequentially(SuiteRunner.java:361)
	at org.testng.SuiteRunner.privateRun(SuiteRunner.java:319)
	at org.testng.SuiteRunner.run(SuiteRunner.java:268)
	at org.testng.SuiteRunnerWorker.runSuite(SuiteRunnerWorker.java:52)
	at org.testng.SuiteRunnerWorker.run(SuiteRunnerWorker.java:86)
	at org.testng.TestNG.runSuitesSequentially(TestNG.java:1244)
	at org.testng.TestNG.runSuitesLocally(TestNG.java:1169)
	at org.testng.TestNG.run(TestNG.java:1064)
	at org.testng.remote.RemoteTestNG.run(RemoteTestNG.java:113)
	at org.testng.remote.RemoteTestNG.initAndRun(RemoteTestNG.java:206)
	at org.testng.remote.RemoteTestNG.main(RemoteTestNG.java:177)
Caused by: org.openqa.selenium.remote.ErrorHandler$UnknownServerException: Unable to connect to host 127.0.0.1 on port 7055 after 45000 ms. Firefox console output:
p-global","version":"47.0.1","type":"theme","internalName":"classic/1.0","updateURL":null,"updateKey":null,"optionsURL":null,"optionsType":null,"aboutURL":null,"icons":{"32":"icon.png","48":"icon.png"},"iconURL":null,"icon64URL":null,"defaultLocale":{"name":"Default","description":"The default theme.","creator":"Mozilla","homepageURL":null,"contributors":["Mozilla Contributors"]},"visible":true,"active":true,"userDisabled":false,"appDisabled":false,"descriptor":"C:\\Program Files (x86)\\Mozilla Firefox\\firefox47\\browser\\extensions\\{972ce4c6-7e08-4474-a285-3208198ce6fd}.xpi","installDate":1466734942000,"updateDate":1466734942000,"applyBackgroundUpdates":1,"skinnable":true,"size":22012,"sourceURI":null,"releaseNotesURI":null,"softDisabled":false,"foreignInstall":false,"hasBinaryComponents":false,"strictCompatibility":true,"locales":[],"targetApplications":[{"id":"{ec8030f7-c20a-464f-9b0e-13a3a9e97384}","minVersion":"47.0.1","maxVersion":"47.0.1"}],"targetPlatforms":[],"seen":true}
1498821372440	addons.xpi	DEBUG	getModTime: Recursive scan of {972ce4c6-7e08-4474-a285-3208198ce6fd}
1498821372441	DeferredSave.extensions.json	DEBUG	Save changes
1498821372441	addons.xpi	DEBUG	Updating database with changes to installed add-ons
1498821372441	addons.xpi-utils	DEBUG	Updating add-on states
1498821372441	addons.xpi-utils	DEBUG	Writing add-ons list
1498821372443	addons.xpi	DEBUG	Registering manifest for C:\Program Files (x86)\Mozilla Firefox\firefox47\browser\features\e10srollout@mozilla.org.xpi
1498821372443	addons.xpi	DEBUG	Calling bootstrap method startup on e10srollout@mozilla.org version 1.0
1498821372443	addons.xpi	DEBUG	Registering manifest for C:\Program Files (x86)\Mozilla Firefox\firefox47\browser\features\firefox@getpocket.com.xpi
1498821372444	addons.xpi	DEBUG	Calling bootstrap method startup on firefox@getpocket.com version 1.0.2
1498821372444	addons.xpi	DEBUG	Registering manifest for C:\Program Files (x86)\Mozilla Firefox\firefox47\browser\features\loop@mozilla.org.xpi
1498821372445	addons.xpi	DEBUG	Calling bootstrap method startup on loop@mozilla.org version 1.3.2
1498821372459	addons.manager	DEBUG	Registering shutdown blocker for XPIProvider
1498821372460	addons.manager	DEBUG	Provider finished startup: XPIProvider
1498821372460	addons.manager	DEBUG	Starting provider: LightweightThemeManager
1498821372460	addons.manager	DEBUG	Registering shutdown blocker for LightweightThemeManager
1498821372460	addons.manager	DEBUG	Provider finished startup: LightweightThemeManager
1498821372460	addons.manager	DEBUG	Starting provider: GMPProvider
1498821372465	addons.manager	DEBUG	Registering shutdown blocker for GMPProvider
1498821372465	addons.manager	DEBUG	Provider finished startup: GMPProvider
1498821372465	addons.manager	DEBUG	Starting provider: PluginProvider
1498821372465	addons.manager	DEBUG	Registering shutdown blocker for PluginProvider
1498821372466	addons.manager	DEBUG	Provider finished startup: PluginProvider
1498821372466	addons.manager	DEBUG	Completed startup sequence
1498821373181	addons.manager	DEBUG	Starting provider: <unnamed-provider>
1498821373181	addons.manager	DEBUG	Registering shutdown blocker for <unnamed-provider>
1498821373181	addons.manager	DEBUG	Provider finished startup: <unnamed-provider>
1498821373182	DeferredSave.extensions.json	DEBUG	Starting write
1498821373356	addons.repository	DEBUG	No addons.json found.
1498821373356	DeferredSave.addons.json	DEBUG	Save changes
1498821373359	DeferredSave.addons.json	DEBUG	Starting timer
1498821373376	addons.manager	DEBUG	Starting provider: PreviousExperimentProvider
1498821373376	addons.manager	DEBUG	Registering shutdown blocker for PreviousExperimentProvider
1498821373376	addons.manager	DEBUG	Provider finished startup: PreviousExperimentProvider
1498821373378	DeferredSave.extensions.json	DEBUG	Write succeeded
1498821373379	addons.xpi-utils	DEBUG	XPI Database saved, setting schema version preference to 17
1498821373411	DeferredSave.addons.json	DEBUG	Starting write
1498821373417	DeferredSave.addons.json	DEBUG	Write succeeded

Build info: version: '2.53.0', revision: '35ae25b', time: '2016-03-15 17:00:58'
System info: host: 'IBS-LAP-007', ip: '169.254.154.189', os.name: 'Windows 8.1', os.arch: 'amd64', os.version: '6.3', java.version: '1.8.0_111'
Driver info: driver.version: FirefoxDriver
	at org.openqa.selenium.firefox.internal.NewProfileExtensionConnection.start(NewProfileExtensionConnection.java:112)
	at org.openqa.selenium.firefox.FirefoxDriver.startClient(FirefoxDriver.java:271)
	at org.openqa.selenium.remote.RemoteWebDriver.<init>(RemoteWebDriver.java:119)
	at org.openqa.selenium.firefox.FirefoxDriver.<init>(FirefoxDriver.java:218)
	at org.openqa.selenium.firefox.FirefoxDriver.<init>(FirefoxDriver.java:211)
	at org.openqa.selenium.firefox.FirefoxDriver.<init>(FirefoxDriver.java:129)
	at sun.reflect.NativeConstructorAccessorImpl.newInstance0(Native Method)
	at sun.reflect.NativeConstructorAccessorImpl.newInstance(Unknown Source)
	at sun.reflect.DelegatingConstructorAccessorImpl.newInstance(Unknown Source)
	at java.lang.reflect.Constructor.newInstance(Unknown Source)
	at org.openqa.selenium.remote.server.FirefoxDriverProvider.callConstructor(FirefoxDriverProvider.java:91)
	at org.openqa.selenium.remote.server.FirefoxDriverProvider.newInstance(FirefoxDriverProvider.java:68)
	at org.openqa.selenium.remote.server.DefaultDriverFactory.newInstance(DefaultDriverFactory.java:60)
	at org.openqa.selenium.remote.server.DefaultSession$BrowserCreator.call(DefaultSession.java:222)
	at org.openqa.selenium.remote.server.DefaultSession$BrowserCreator.call(DefaultSession.java:1)
	at java.util.concurrent.FutureTask.run(Unknown Source)
	at org.openqa.selenium.remote.server.DefaultSession$1.run(DefaultSession.java:176)
	at java.util.concurrent.ThreadPoolExecutor.runWorker(Unknown Source)
	at java.util.concurrent.ThreadPoolExecutor$Worker.run(Unknown Source)
	at java.lang.Thread.run(Unknown Source)
]]>
    </error>
  </testcase> <!-- test_site -->
</testsuite> <!-- test -->
