<?xml version="1.0" encoding="UTF-8"?>
<!-- Generated by org.testng.reporters.JUnitReportReporter -->
<testsuite hostname="IBS-LAP-007" name="Com.Exp1" tests="1" failures="0" timestamp="2 Jul 2017 19:38:18 GMT" time="16.977" errors="0">
  <testcase name="Browserlaunch" time="16.977" classname="Com.Exp1"/>
</testsuite> <!-- Com.Exp1 -->
